<?xml version="1.0" encoding="UTF-8"?>
<testsuite xmlns:xsi="http://www.w3.org/2001/XMLSchema-instance" xsi:noNamespaceSchemaLocation="https://maven.apache.org/surefire/maven-surefire-plugin/xsd/surefire-test-report.xsd" name="TestSuite" time="53.897" tests="1" errors="0" skipped="0" failures="1">
  <properties>
[...]
</properties>
  <testcase name="testNavigationItems" classname="airline.testclass" time="47.387">
    <failure message="stale element reference: stale element not found&#10;  (Session info: chrome=134.0.6998.178)&#10;For documentation on this error, please visit: https://www.selenium.dev/documentation/webdriver/troubleshooting/errors#stale-element-reference-exception&#10;Build info: version: &apos;4.10.0&apos;, revision: &apos;c14d967899&apos;&#10;System info: os.name: &apos;Windows 11&apos;, os.arch: &apos;amd64&apos;, os.version: &apos;10.0&apos;, java.version: &apos;22.0.1&apos;&#10;Driver info: org.openqa.selenium.chrome.ChromeDriver&#10;Command: [102db46e3eb0319cd4d04e9756bdcca0, getElementText {id=f.44D8F38A42D0AA8F768C204B4CDA0721.d.7A6A96347A1633FF17BFD487BDF9CB17.e.417}]&#10;Capabilities {acceptInsecureCerts: false, browserName: chrome, browserVersion: 134.0.6998.178, chrome: {chromedriverVersion: 134.0.6998.165 (fd886e2cb29..., userDataDir: C:\Users\MACHAG~1\AppData\L...}, fedcm:accounts: true, goog:chromeOptions: {debuggerAddress: localhost:56112}, networkConnectionEnabled: false, pageLoadStrategy: normal, platformName: windows, proxy: Proxy(), se:cdp: ws://localhost:56112/devtoo..., se:cdpVersion: 134.0.6998.178, setWindowRect: true, strictFileInteractability: false, timeouts: {implicit: 0, pageLoad: 300000, script: 30000}, unhandledPromptBehavior: dismiss and notify, webauthn:extension:credBlob: true, webauthn:extension:largeBlob: true, webauthn:extension:minPinLength: true, webauthn:extension:prf: true, webauthn:virtualAuthenticators: true}&#10;Element: [[[[ChromeDriver: chrome on windows (102db46e3eb0319cd4d04e9756bdcca0)] -&gt; xpath: //nav/ul/li]] -&gt; xpath: //div[@class=&apos;ListItemLabel&apos;]/span]&#10;Session ID: 102db46e3eb0319cd4d04e9756bdcca0" type="org.openqa.selenium.StaleElementReferenceException">org.openqa.selenium.StaleElementReferenceException: 
stale element reference: stale element not found
  (Session info: chrome=134.0.6998.178)
For documentation on this error, please visit: https://www.selenium.dev/documentation/webdriver/troubleshooting/errors#stale-element-reference-exception
Build info: version: '4.10.0', revision: 'c14d967899'
System info: os.name: 'Windows 11', os.arch: 'amd64', os.version: '10.0', java.version: '22.0.1'
Driver info: org.openqa.selenium.chrome.ChromeDriver
Command: [102db46e3eb0319cd4d04e9756bdcca0, getElementText {id=f.44D8F38A42D0AA8F768C204B4CDA0721.d.7A6A96347A1633FF17BFD487BDF9CB17.e.417}]
Capabilities {acceptInsecureCerts: false, browserName: chrome, browserVersion: 134.0.6998.178, chrome: {chromedriverVersion: 134.0.6998.165 (fd886e2cb29..., userDataDir: C:\Users\MACHAG~1\AppData\L...}, fedcm:accounts: true, goog:chromeOptions: {debuggerAddress: localhost:56112}, networkConnectionEnabled: false, pageLoadStrategy: normal, platformName: windows, proxy: Proxy(), se:cdp: ws://localhost:56112/devtoo..., se:cdpVersion: 134.0.6998.178, setWindowRect: true, strictFileInteractability: false, timeouts: {implicit: 0, pageLoad: 300000, script: 30000}, unhandledPromptBehavior: dismiss and notify, webauthn:extension:credBlob: true, webauthn:extension:largeBlob: true, webauthn:extension:minPinLength: true, webauthn:extension:prf: true, webauthn:virtualAuthenticators: true}
Element: [[[[ChromeDriver: chrome on windows (102db46e3eb0319cd4d04e9756bdcca0)] -> xpath: //nav/ul/li]] -> xpath: //div[@class='ListItemLabel']/span]
Session ID: 102db46e3eb0319cd4d04e9756bdcca0
	at airline.testclass.testNavigationItems(testclass.java:80)
</failure>
    <system-out><![CDATA[[[[ChromeDriver: chrome on windows (102db46e3eb0319cd4d04e9756bdcca0)] -> xpath: //nav/ul/li], [[ChromeDriver: chrome on windows (102db46e3eb0319cd4d04e9756bdcca0)] -> xpath: //nav/ul/li], [[ChromeDriver: chrome on windows (102db46e3eb0319cd4d04e9756bdcca0)] -> xpath: //nav/ul/li], [[ChromeDriver: chrome on windows (102db46e3eb0319cd4d04e9756bdcca0)] -> xpath: //nav/ul/li], [[ChromeDriver: chrome on windows (102db46e3eb0319cd4d04e9756bdcca0)] -> xpath: //nav/ul/li], [[ChromeDriver: chrome on windows (102db46e3eb0319cd4d04e9756bdcca0)] -> xpath: //nav/ul/li], [[ChromeDriver: chrome on windows (102db46e3eb0319cd4d04e9756bdcca0)] -> xpath: //nav/ul/li], [[ChromeDriver: chrome on windows (102db46e3eb0319cd4d04e9756bdcca0)] -> xpath: //nav/ul/li], [[ChromeDriver: chrome on windows (102db46e3eb0319cd4d04e9756bdcca0)] -> xpath: //nav/ul/li]]
[[ChromeDriver: chrome on windows (102db46e3eb0319cd4d04e9756bdcca0)] -> xpath: //nav/ul/li]
[[ChromeDriver: chrome on windows (102db46e3eb0319cd4d04e9756bdcca0)] -> xpath: //nav/ul/li]
[[ChromeDriver: chrome on windows (102db46e3eb0319cd4d04e9756bdcca0)] -> xpath: //nav/ul/li]
[[ChromeDriver: chrome on windows (102db46e3eb0319cd4d04e9756bdcca0)] -> xpath: //nav/ul/li]
[[ChromeDriver: chrome on windows (102db46e3eb0319cd4d04e9756bdcca0)] -> xpath: //nav/ul/li]
[[ChromeDriver: chrome on windows (102db46e3eb0319cd4d04e9756bdcca0)] -> xpath: //nav/ul/li]
[[ChromeDriver: chrome on windows (102db46e3eb0319cd4d04e9756bdcca0)] -> xpath: //nav/ul/li]
[[ChromeDriver: chrome on windows (102db46e3eb0319cd4d04e9756bdcca0)] -> xpath: //nav/ul/li]
[[ChromeDriver: chrome on windows (102db46e3eb0319cd4d04e9756bdcca0)] -> xpath: //nav/ul/li]
Navigation Labels:

SHARE AIRBAND AUDIO
FACEBOOK
CONTACT US
SPOTTERS GROUP
LIVESTREAM WIDGET BUILDER
ALERTS AND EMERGENCIES
SERVICES
SATELLITE BASED ADS-B
PRIVACY POLICY
LEGACY SOFTWARE
OUR COMPANY
FLIGHT DATA
AIRCRAFT TYPES
NEW UNITS
REGISTRATION
THE AIRNAV EDGE
PHOTOS
PRICING
AIRCRAFT MODELS
GALLERY HOME
LINKEDIN
FLIGHTS
UPLOAD A PHOTO
SOLUTIONS
SOCIAL/PRESS
PRESS
AIRCRAFT CLASS
PHOTO UPLOAD GUIDELINES
VHF UNITS
PHOTOGRAPHERS
FLIGHT TRACKING
SHARE ADS-B DATA
BLOG
ADS-B DERIVED WEATHER
DOCUMENTATION
AIRPORTS
CAREERS
COVERAGE
AIRNAV FAQ
WHAT IS ADS-B
COVERAGE MAP
WHAT IS MLAT
GEOGRAPHIC REGION
WIDGET BUILDER
KITTY HAWK CHALLENGE
DASHBOARD
X
JUSTPLANES AND AIRNAV PARTNERSHIP
ABOUT
AIRCRAFT LIVERIES
RESOURCES
SUBSCRIPTIONS
STATISTICS
ADS-B HARDWARE
AIRLINES
FLIGHTWATCH
AIRPORT CAMERAS
WHAT'S UNIQUE
MODE-S
STORE
API
TERMS OF USE
GLOBAL RANKING
FORUM
HISTORY
GPS ACCURACY
]]></system-out>
    <system-err><![CDATA[SLF4J: Failed to load class "org.slf4j.impl.StaticLoggerBinder".
SLF4J: Defaulting to no-operation (NOP) logger implementation
SLF4J: See http://www.slf4j.org/codes.html#StaticLoggerBinder for further details.
Mar 27, 2025 1:28:16 PM org.openqa.selenium.remote.service.DriverService$Builder getLogOutput
INFO: Driver logs no longer sent to console by default; https://www.selenium.dev/documentation/webdriver/drivers/service/#setting-log-output
Mar 27, 2025 1:28:20 PM org.openqa.selenium.devtools.CdpVersionFinder findNearestMatch
WARNING: Unable to find CDP implementation matching 134
Mar 27, 2025 1:28:20 PM org.openqa.selenium.chromium.ChromiumDriver lambda$new$4
WARNING: Unable to find version of CDP to use for . You may need to include a dependency on a specific version of the CDP using something similar to `org.seleniumhq.selenium:selenium-devtools-v86:4.10.0` where the version ("v86") matches the version of the chromium-based browser you're using and the version number of the artifact is the same as Selenium's.
]]></system-err>
  </testcase>
</testsuite>